2022.08.24 12:05:26 INFO  tracing is disabled for protocol LSP, to enable tracing of incoming and outgoing JSON messages create an empty file at c:\Users\ricar\Downloads\git\Scala_ex\.metals\lsp.trace.json or C:\Users\ricar\AppData\Local\scalameta\metals\cache\lsp.trace.json
2022.08.24 12:05:28 INFO  logging to file C:\Users\ricar\Downloads\git\Scala_ex\.metals\metals.log
2022.08.24 12:05:28 INFO  Started: Metals version 0.11.8 in workspace 'C:\Users\ricar\Downloads\git\Scala_ex' for client Visual Studio Code 1.70.2.
2022.08.24 12:05:29 WARN  Flyway upgrade recommended: H2 2.1.214 is newer than this version of Flyway and support has not been tested. The latest supported version of H2 is 2.1.210.
2022.08.24 12:05:29 INFO  time: initialize in 1.26s
2022.08.24 12:05:30 WARN  Build server is not auto-connectable.
2022.08.24 12:05:30 WARN  no build tool detected in workspace 'C:\Users\ricar\Downloads\git\Scala_ex'. The most common cause for this problem is that the editor was opened in the wrong working directory, for example if you use sbt then the workspace directory should contain build.sbt. 
2022.08.24 12:05:30 WARN  no build target for: C:\Users\ricar\Downloads\git\Scala_ex\Ejercicios\pav2.scala
2022.08.24 12:05:33 INFO  no build target found for C:\Users\ricar\Downloads\git\Scala_ex\Ejercicios\pav2.scala. Using presentation compiler with project's scala-library version: 3.1.3
2022.08.24 12:07:50 WARN  no build target for: C:\Users\ricar\Downloads\git\Scala_ex\Ejercicios\pav2.scala
2022.08.24 12:17:57 WARN  no build target for: C:\Users\ricar\Downloads\git\Scala_ex\Ejercicios\pav3.scala
2022.08.24 12:19:19 WARN  no build target for: C:\Users\ricar\Downloads\git\Scala_ex\Ejercicios\pav3.scala
2022.08.24 12:26:00 WARN  no build target for: C:\Users\ricar\Downloads\git\Scala_ex\Ejercicios\forargs.scala
ago. 24, 2022 12:26:06 P. M. scala.meta.internal.pc.CompilerAccess handleError
SEVERE: Toplevel definition m is defined in
  C:\Users\ricar\Downloads\git\Scala_ex\Ejercicios\pav2.scala
and also in
  C:\Users\ricar\Downloads\git\Scala_ex\Ejercicios\pav3.scala
One of these files should be removed from the classpath.
dotty.tools.dotc.core.TypeError: Toplevel definition m is defined in
  C:\Users\ricar\Downloads\git\Scala_ex\Ejercicios\pav2.scala
and also in
  C:\Users\ricar\Downloads\git\Scala_ex\Ejercicios\pav3.scala
One of these files should be removed from the classpath.
	at dotty.tools.dotc.core.SymDenotations$PackageClassDenotation.dropStale$1(SymDenotations.scala:2431)
	at dotty.tools.dotc.core.SymDenotations$PackageClassDenotation.recur$5(SymDenotations.scala:2395)
	at dotty.tools.dotc.core.SymDenotations$PackageClassDenotation.computeMembersNamed(SymDenotations.scala:2451)
	at dotty.tools.dotc.core.SymDenotations$ClassDenotation.membersNamed(SymDenotations.scala:2010)
	at dotty.tools.dotc.core.SymDenotations$ClassDenotation.findMember(SymDenotations.scala:2061)
	at dotty.tools.dotc.core.Types$Type.go$1(Types.scala:683)
	at dotty.tools.dotc.core.Types$Type.goThis$1(Types.scala:808)
	at dotty.tools.dotc.core.Types$Type.go$1(Types.scala:700)
	at dotty.tools.dotc.core.Types$Type.findMember(Types.scala:876)
	at dotty.tools.dotc.core.Types$Type.memberBasedOnFlags(Types.scala:666)
	at dotty.tools.dotc.core.Types$Type.member(Types.scala:650)
	at dotty.tools.dotc.core.Types$Type.allMembers$$anonfun$1(Types.scala:1017)
	at scala.runtime.function.JProcedure2.apply(JProcedure2.java:15)
	at scala.runtime.function.JProcedure2.apply(JProcedure2.java:10)
	at dotty.tools.dotc.core.Types$Type.memberDenots$$anonfun$1(Types.scala:922)
	at scala.runtime.function.JProcedure1.apply(JProcedure1.java:15)
	at scala.runtime.function.JProcedure1.apply(JProcedure1.java:10)
	at scala.collection.immutable.BitmapIndexedSetNode.foreach(HashSet.scala:937)
	at scala.collection.immutable.HashSet.foreach(HashSet.scala:944)
	at dotty.tools.dotc.core.Types$Type.memberDenots(Types.scala:922)
	at dotty.tools.dotc.core.Types$Type.allMembers(Types.scala:1017)
	at scala.meta.internal.pc.IndexedContext$.accesibleMembers$1(IndexedContext.scala:134)
	at scala.meta.internal.pc.IndexedContext$.scala$meta$internal$pc$IndexedContext$$$extractNames(IndexedContext.scala:192)
	at scala.meta.internal.pc.IndexedContext$LazyWrapper.<init>(IndexedContext.scala:84)
	at scala.meta.internal.pc.IndexedContext$.apply(IndexedContext.scala:72)
	at scala.meta.internal.pc.completions.CompletionsProvider.completions(CompletionsProvider.scala:57)

2022.08.24 12:27:39 WARN  no build target for: C:\Users\ricar\Downloads\git\Scala_ex\Ejercicios\forargs.scala
